1 2 3 5 6 4 10 13 14 7 19 16 18 15 24 26 27 28 30 31 29 35 38 39 32 36 41 44 43 40 46 47 49 53 60 61 51 52 55 56 54 63 64 57 66 68 69 65 67 71 72 76 77 78 75 80 79 81 85 88 89 86 91 93 92
1 2
1 3
2 5
2 6
2 4
3 10
5 13
5 14
6 7
13 19
13 16
13 18
14 15
19 24
15 26
26 27
26 28
27 30
27 31
27 29
28 35
30 38
30 39
31 32
35 36
38 41
38 44
38 43
39 40
41 46
41 47
44 49
40 53
53 60
53 51
60 61
61 67
51 52
52 55
52 56
52 54
55 63
55 64
56 57
63 66
63 68
63 69
64 65
66 71
66 72
65 76
76 77
76 78
76 75
77 80
77 79
77 81
78 85
80 88
80 89
85 86
88 91
88 93
86 92