8 9 7 10 19 12 17 13 4 14 16 15 18 49 20 21 22 25 30 26 39 31 48 32 33 38 37 29 40 41 74 42 43 44 47 51 57 52 50 55 54 53 61 56 64 73 58 59 60 63 62 65 66 99 67 69 70 68 71 72 76 82 77 80 81 89 98 88 87 90 95 96 94 97
8 9
8 7
9 10
10 19
19 18
19 20
12 17
12 13
17 16
17 18
13 4
13 14
16 15
18 49
49 48
20 21
21 22
25 30
25 26
30 39
30 31
39 38
39 40
31 48
31 32
48 47
32 33
38 37
38 29
40 41
40 74
41 42
74 73
42 43
43 44
51 57
51 52
57 56
57 58
52 53
50 55
50 54
55 56
55 64
53 61
56 73
64 63
64 65
73 72
58 59
59 60
63 62
65 66
65 99
66 67
99 98
69 70
69 68
70 71
71 72
76 82
76 77
82 81
80 81
80 89
81 98
89 88
89 90
98 97
88 87
95 96
95 94
96 97