1 8 5 0 40 48 82 6 17 4 2 7 19 3 32 55 70 21 13 36 11 23 12 54 10 25 42 9 15 71 14 18 16 91 24 27 50 31 20 39 86 29 96 45 49 22 28 26 37 35 83 68 84 64 72 63 41 56 46 75 65 69 67
1 8
1 5
1 0
1 40
1 48
1 82
1 6
8 71
5 10
0 17
0 4
0 2
17 39
17 86
4 11
4 23
4 12
4 54
2 7
2 19
2 3
2 32
2 55
2 70
7 25
7 42
7 9
7 15
19 96
3 21
3 13
3 36
32 64
32 72
21 49
21 22
11 24
23 26
23 37
10 91
25 83
42 56
9 14
9 18
9 16
15 20
14 27
14 50
14 31
18 29
24 35
20 45
39 41
45 46
49 65
22 28
26 68
26 84
35 63
64 69
46 75
65 67