29 3 11 50 26 74 40 36 95 2 54 79 15 96 82 89 35 7 41 10 93 20 8 39 58 61 87 12 30 88 62 85 33 4 80 13 17 48 59 94 21 38 73 77 92 98 97 75 37 22 19 24 91 9 53 31 76 70 60 71 16 23 6 99
29 3
29 11
29 50
3 26
3 74
3 40
3 36
26 2
26 93
26 62
74 82
40 75
40 38
36 33
36 4
36 80
36 13
95 2
95 54
95 79
95 15
95 96
2 48
2 77
2 92
2 98
54 97
82 89
82 35
82 7
82 41
89 8
10 93
10 20
93 99
39 58
39 61
39 87
58 12
58 30
61 85
87 88
12 77
12 71
12 16
33 17
4 23
48 59
48 94
21 38
21 73
38 60
77 24
77 31
77 76
75 37
75 22
19 24
19 91
24 9
24 53
91 70
31 6