0 6 69 38 80 88 8 42 1 58 40 72 87 18 4 57 17 13 12 89 3 77 75 76 97 94 49 45 5 79 53 27 43 52 48 82 99 10 85 95 39 66 98 91 73 24 14 21 22 63 37 46 31 83 71 65 64 47 78 96 62 25 29 30 19 50 51 44 41 74 36 55 32 33 92 35 56 67
0 6
0 69
6 38
69 80
69 88
38 27
80 10
80 39
8 42
8 1
42 99
58 40
58 72
58 87
40 18
72 79
18 85
18 62
18 25
4 57
4 17
57 75
57 76
57 97
57 94
17 77
13 12
13 89
13 3
12 24
89 31
77 64
75 24
75 74
49 45
49 5
45 98
45 44
79 53
43 52
43 48
43 82
52 14
52 83
52 71
48 36
99 32
10 85
10 95
85 66
95 98
95 91
95 73
39 41
66 14
66 78
66 96
98 51
24 14
24 21
14 63
22 63
22 37
22 46
65 64
65 47
78 30
78 19
96 50
62 29
30 55
50 56
50 67
74 33
74 35
32 33
33 92