0 66 69 73 86 77 61 98 63 80 76 78 87 70 89 99 92 65 67 85 71 72 84 96 91 93 90 82 88 81 68 95 94 75 83 79 97 74 26 3 25 10 2 5 6 11 14 15 16 18 27 28 30 42 44 64 7 21 9 59 45 48 43 58
0 66
0 69
0 73
0 86
0 77
0 61
0 98
0 63
0 80
0 76
0 78
0 87
0 70
0 89
0 99
0 92
0 65
0 67
0 85
0 71
0 72
0 84
0 96
0 91
0 93
0 90
0 82
0 88
0 81
0 68
0 95
0 94
0 75
0 83
0 79
0 97
0 74
66 2
69 5
73 11
86 27
77 15
61 26
61 3
98 42
63 25
63 10
80 18
76 14
78 16
87 28
70 6
89 30
99 44
26 45
25 59
15 64
27 7
30 21
21 9
45 48
48 43
43 58