0 10 13 25 27 1 5 28 29 32 33 34 4 21 37 38 39 40 42 6 16 43 44 20 8 49 50 51 17 55 56 12 58 62 63 18 64 65 66 14 15 68 69 70 74 75 77 79 81 82 86 88 89 90 92 24 97 98 99
0 25
0 27
10 55
10 56
13 64
13 65
13 66
25 44
25 56
27 42
27 70
1 28
1 29
5 40
5 42
28 66
32 55
33 97
33 86
34 58
34 62
4 37
4 38
4 39
21 88
21 89
21 90
37 98
38 88
39 82
6 43
6 44
16 74
16 75
44 51
44 66
20 86
8 49
8 50
8 51
17 77
56 92
12 62
12 63
62 64
18 79
18 81
64 69
65 81
66 90
14 68
14 69
15 70
68 74
77 89
24 97
24 98
24 99