10 11 12 13 14 15 16 17 18 19 21 22 23 24 25 26 27 28 31 32 33 34 35 36 37 38 41 42 43 44 45 46 47 48 51 52 53 54 55 56 57 58 61 62 63 64 65 66 67 68 71 72 73 74 75 76 77 78 81 82 83 84 85 86 87 88 89 91
10 11
11 12
12 22
13 23
14 24
15 25
16 26
16 17
17 18
18 19
21 22
22 32
23 33
24 34
25 35
25 26
26 27
27 28
31 32
32 33
33 34
34 44
34 35
35 36
36 37
37 38
41 42
42 43
43 44
44 54
44 45
45 46
46 47
47 48
51 52
52 53
53 54
54 64
54 55
55 56
56 57
57 58
61 62
62 63
63 64
63 73
64 65
64 74
65 75
65 66
66 67
67 68
71 72
71 81
72 73
72 82
73 83
74 84
75 76
75 85
76 77
76 86
77 87
77 78
81 91
87 88
88 89