3 16 1 32 92 29 2 8 20 85 87 15 71 72 70 12 62 43 93 84 6 7 47 9 50 51 49 18 81 79 80 73 60 35 24 99 97 55 78 11 58 14 90 22 91 13 48 44 69 56 88 86 68 59 25 27 82 46 96 98 37
3 16
3 1
16 8
32 92
32 29
32 2
92 22
92 82
92 46
92 96
8 12
8 50
8 51
8 49
20 85
20 87
85 55
85 81
85 86
15 71
15 72
15 70
71 47
71 81
72 48
12 62
43 93
43 84
43 6
93 22
93 81
93 98
7 47
7 9
50 81
50 73
50 60
51 35
18 81
18 79
18 80
81 99
79 69
80 56
80 88
73 44
60 11
60 90
24 99
24 97
97 37
55 78
11 58
11 14
22 91
22 13
91 25
91 27
86 68
86 59