0 10 1 2 20 11 3 8 9 7 19 29 18 12 30 21 13 14 17 39 28 40 31 22 23 24 32 27 49 38 50 41 36 35 48 59 51 60 43 44 42 45 46 47 52 69 58 70 61 53 54 55 65 66 79 68 62 80 77 76 89 90 81 73 99 88 82 91 83 84 98 92 93 94 95
0 10
0 1
10 20
10 11
1 2
2 3
20 30
20 21
11 12
8 9
8 7
9 19
19 29
19 18
29 39
29 28
18 17
12 13
30 40
30 31
13 14
39 49
39 38
28 27
40 50
40 41
31 22
31 32
22 23
23 24
49 36
49 48
49 59
50 51
50 60
36 35
48 47
59 69
59 58
51 45
51 52
60 70
60 61
43 44
43 42
44 45
45 46
46 47
52 53
69 79
69 68
70 80
61 62
53 54
54 55
55 65
65 66
66 77
79 89
80 90
80 81
80 73
77 76
89 99
89 88
90 91
81 82
99 98
82 83
91 92
83 84
92 93
93 94
94 95