0 2 4 5 1 3 23 24 7 17 16 10 6 18 11 8 13 20 30 32 29 34 43 44 39 41 46 33 48 49 28 47 69 93 70 92 89 68 95 71 72 73 74 75 79 77 88 98 96 60 53 51 87 86 97 54 63 55 67 57 65 82 58 83 66 81 80 90 50
0 5
2 3
2 4
2 13
4 1
5 1
5 11
5 73
1 16
1 7
1 39
3 20
23 24
23 30
23 89
23 90
23 51
24 86
7 32
7 96
17 67
17 44
16 18
16 53
10 32
10 92
6 18
6 67
11 74
8 33
20 82
30 29
32 29
34 68
34 92
43 44
39 63
41 47
41 82
46 48
46 77
33 72
48 49
49 28
28 74
47 81
69 93
69 95
93 70
70 92
92 71
89 88
71 72
74 75
79 77
98 60
98 97
60 54
53 50
87 86
54 63
54 55
63 65
67 57
57 58
58 83
83 66
81 80