0 82 89 92 11 29 33 70 37 3 61 63 4 21 53 79 95 6 8 66 64 99 83 9 16 62 69 13 58 41 12 22 25 43 68 48 98 67 40 42 50 34 47 20 36 39 90 97 85 96 32 54 49 51 38 77 93 65 94 91
0 82
0 89
82 96
89 54
92 3
11 61
29 6
29 39
29 66
33 3
33 70
70 40
70 41
37 49
37 51
61 8
61 12
63 6
63 16
4 21
21 99
53 9
53 38
79 68
95 77
8 83
66 20
66 43
64 69
99 12
99 25
99 51
9 16
9 62
9 69
16 25
16 67
62 58
13 43
58 65
41 42
22 50
22 90
25 48
68 36
48 98
98 40
50 85
34 54
47 32
47 93
20 36
39 96
90 54
97 32
85 91
85 94
38 77
38 93