7 12 4 3 11 16 15 17 13 20 22 23 24 26 19 27 30 29 25 34 31 35 28 39 33 38 40 36 32 42 37 41 45 44 46 43 47 48 49 50 53 57 52 54 51 61 62 58 56 55 66 60 65 63 67 59 69 70 68 72 73 74 75 76 78 79 82 86 87 81 91 85 92 88 95 96
7 12
7 4
7 3
12 17
12 13
11 16
11 15
16 20
17 22
20 23
22 24
23 26
23 19
24 27
26 30
27 30
30 29
30 34
30 31
30 35
29 25
34 39
34 33
34 38
31 28
35 40
35 36
39 42
33 32
40 45
40 44
36 37
36 41
42 46
42 43
45 47
46 48
47 49
48 50
50 53
53 57
53 52
57 54
57 61
57 62
57 58
57 56
54 51
61 66
61 60
61 65
62 63
62 67
58 55
66 69
66 70
60 59
63 68
67 72
69 73
72 74
73 75
74 76
75 78
76 79
78 82
82 86
82 87
82 81
86 91
86 85
87 92
87 88
91 95
92 96