4 5 3 38 6 37 39 70 69 71 68 67 9 96 95 13 97 15 57 14 58 56 17 18 16 61 19 83 20 60 62 21 82 84 74 75 25 31 32 30 29 81 92 33 93 91 36 59 40 63 48 50 55 52 94 53 66 76 79 90 89
4 5
4 3
5 38
5 6
38 37
38 39
37 36
37 59
39 40
70 69
70 71
69 36
68 67
68 9
67 58
67 66
96 95
96 13
96 97
95 94
95 90
15 57
15 14
57 58
57 56
58 59
56 50
56 55
17 18
17 16
18 61
18 19
61 60
61 62
19 83
19 20
83 82
83 84
20 21
60 59
60 93
62 63
62 75
82 29
82 81
74 75
74 25
75 76
31 32
31 30
32 92
32 33
92 93
92 91
93 94
63 48
52 94
52 53
66 79
90 89