0 1 2 3 4 5 6 7 8 10 20 50 60 70 80 92 93 94 95 98 99 29 39 49 59 69 79 89 11 12 13 14 15 16 17 18 21 41 51 61 71 83 84 85 87 88 28 38 48 58 68 78 22 23 24 25 26 32 42 52 62 74 75 76 77 47 57 67 33 34 35 43 53 64 66 56 54 55
0 1
0 10
1 2
2 3
3 4
4 5
5 15
5 6
6 7
7 8
10 20
50 51
50 60
60 70
70 80
92 93
93 94
94 84
95 85
98 99
99 89
29 39
39 49
49 48
49 59
59 69
69 79
79 89
11 12
11 21
12 13
13 14
14 15
15 16
15 24
16 17
17 18
18 28
41 52
51 42
51 61
61 71
83 84
84 75
85 74
87 88
88 78
28 38
38 48
48 57
48 58
58 68
68 78
22 23
22 32
23 24
24 34
24 25
25 26
32 42
42 52
52 62
74 64
75 76
76 77
77 67
47 57
57 67
57 56
33 34
33 43
34 35
34 54
43 53
64 55
66 56
54 55