2 3 1 4 58 27 28 29 30 56 57 55 33 88 70 67 83 62 65 68 79 77 85 84 86 78 66 81 74 71 82 73 61 64 69 80 75 76 63 72 87 59 20 16 25 26 18 22 23 9 10 19 24 15 6 13 12 17 8 14 7 21 11 60 89 90 99 91 92 93 97 98 96
2 3
2 1
3 4
4 58
58 27
58 57
58 59
58 20
58 16
58 25
58 26
58 18
58 22
58 23
58 9
58 10
58 19
58 24
58 15
58 6
58 13
58 12
58 17
58 8
58 14
58 7
58 21
58 11
27 28
28 29
29 30
56 57
56 55
56 33
57 88
57 70
57 67
57 83
57 62
57 65
57 68
57 79
57 77
57 85
57 84
57 86
57 78
57 66
57 81
57 74
57 71
57 82
57 73
57 61
57 64
57 69
57 80
57 75
57 76
57 63
57 72
57 87
88 89
59 60
89 90
89 99
90 91
99 98
91 92
92 93
97 98
97 96