0 59 1 2 3 4 5 6 10 11 9 12 68 13 17 18 16 19 20 21 22 23 24 25 26 75 27 28 29 30 31 32 33 34 35 36 60 37 85 38 84 39 83 40 41 90 42 43 61 62 80 63 64 65 69 66 67 70 81 73 74 72 79 78 82 92 94 95 91 86 88 87 89 56 48 52 51 55 58 47 49 54 50 53 57 46
0 59
0 1
59 56
1 2
2 3
3 4
4 5
5 6
10 11
10 9
11 12
12 68
12 13
68 67
17 18
17 16
18 19
19 20
20 21
21 22
22 23
23 24
24 25
25 26
25 75
26 27
75 74
27 28
28 29
29 30
30 31
31 32
32 33
33 34
34 35
35 36
35 60
36 37
60 61
37 85
37 38
85 89
38 84
38 39
84 88
84 87
39 83
39 40
83 91
83 86
40 41
40 90
41 42
42 43
61 62
61 80
62 63
80 79
63 64
64 65
64 69
65 66
69 70
66 67
70 81
81 82
73 74
73 72
79 78
82 92
92 94
94 95
89 56
56 48
56 52
56 51
56 55
56 58
56 47
56 49
56 54
56 50
56 53
56 57
56 46