5 95 6 9 36 20 12 31 64 16 17 27 7 18 19 48 33 94 23 70 85 50 28 99 61 29 67 30 38 35 42 34 45 52 60 37 41 11 43 69 44 57 76 55 88 51 53 54 83 21 58 65 66 22 68 74 75 10
5 95
5 6
95 69
9 36
9 20
36 35
36 37
12 31
12 64
31 30
31 35
64 65
16 17
16 27
17 7
27 50
27 28
27 99
27 61
18 19
18 48
18 33
19 94
48 50
48 76
48 55
48 88
33 42
94 53
23 70
23 85
70 51
28 29
99 10
29 67
67 68
30 38
35 34
35 52
35 60
42 41
34 45
45 44
45 57
52 51
41 11
43 69
43 44
57 76
57 58
76 74
76 75
55 21
53 54
53 83
65 66
66 22