0 27 25 26 11 60 58 5 32 65 85 98 1 29 30 28 2 21 31 23 33 95 90 3 8 66 47 71 73 54 35 91 24 99 97 20 15 6 18 7 48 10 53 52 50 19 84 83 82 93 9 16 74 64 46 13 72 70 76 77 79 92 22
0 27
0 25
0 26
27 32
27 65
27 85
27 98
11 60
11 58
11 5
60 29
60 47
60 64
60 46
32 2
32 47
32 71
32 73
65 13
1 29
1 30
1 28
2 21
2 31
2 23
2 33
21 90
21 3
21 8
31 66
23 95
33 54
33 35
33 91
47 7
47 99
47 53
47 52
71 15
71 84
73 16
24 99
24 97
99 92
20 15
20 6
20 18
15 72
15 70
7 48
7 10
48 50
53 93
53 9
19 84
19 83
19 82
84 79
16 74
72 76
72 77
92 22