0 3 1 63 4 21 31 9 2 6 24 8 10 7 22 38 11 14 77 17 15 13 32 88 18 36 16 47 61 5 12 19 20 43 23 25 48 26 85 27 33 64 45 28 78 40 58 90 99 41 55 44 52 59 54 57 46 60 65 53 37 56 39 35 67 68 72 66 84 80 97 86 92
0 3
0 1
3 4
3 21
3 31
1 63
63 60
63 67
4 9
4 2
9 6
6 24
6 8
6 10
6 7
6 22
24 85
24 27
8 38
10 11
14 77
14 17
14 15
14 13
77 84
77 86
17 18
17 36
15 32
15 88
18 16
18 19
36 55
16 47
16 61
16 5
16 12
47 53
61 35
19 20
20 43
43 52
43 59
23 25
23 48
23 26
25 33
25 64
48 37
26 45
85 84
27 28
33 78
33 40
33 58
33 90
33 99
33 41
64 68
78 66
78 97
40 44
44 54
44 57
52 56
54 39
46 60
46 65
65 72
66 84
66 80
84 92