0 44 96 74 7 98 4 94 79 83 89 78 97 95 92 76 86 77 80 82 87 84 99 88 93 91 75 81 90 85 42 30 37 58 53 15 1 5 6 10 17 21 24 25 27 28 29 3 50 63 40 38 22 60 64 9 13 14 73 72 55 54 56
0 44
0 96
0 74
0 7
0 98
0 4
0 94
0 79
0 83
0 89
0 78
0 97
0 95
0 92
0 76
0 86
0 77
0 80
0 82
0 87
0 84
0 99
0 88
0 93
0 91
0 75
0 81
0 90
0 85
44 53
44 15
96 27
74 1
7 42
98 29
4 30
4 37
4 58
94 24
79 6
83 10
89 17
78 5
97 28
95 25
92 21
53 50
53 14
15 60
15 64
15 9
5 38
24 55
27 54
28 56
3 50
3 63
50 40
40 13
38 22
22 72
14 73