0 85 90 36 81 92 84 76 82 87 99 38 86 94 89 93 88 91 32 71 98 75 83 80 70 69 34 68 72 95 77 78 79 97 96 73 74 64 65 25 51 31 18 42 6 11 19 20 22 23 30 33 35 43 44 4 12 28 26 54 59 57 15 52 60 58
0 85
0 90
0 36
0 81
0 92
0 84
0 76
0 82
0 87
0 99
0 38
0 86
0 94
0 89
0 93
0 88
0 91
0 32
0 71
0 98
0 75
0 83
0 80
0 70
0 69
0 34
0 68
0 72
0 95
0 77
0 78
0 79
0 97
0 96
0 73
0 74
85 23
90 33
36 51
36 31
36 18
36 42
36 6
81 19
92 35
84 22
76 11
82 20
87 30
99 43
38 64
38 65
38 25
64 58
51 60
19 4
22 57
23 12
23 26
30 44
12 28
28 54
59 57
59 15
57 52