0 2 1 12 13 3 10 11 14 20 21 18 5 6 4 8 28 15 9 7 16 30 22 23 24 35 29 31 33 32 50 34 36 39 38 49 42 72 43 46 45 41 47 40 48 51 52 56 57 60 58 71 74 54 61 70 69 73 66 77 76 78 75 87 82 83 81 88 89
0 2
0 1
2 13
1 12
13 10
13 14
3 10
3 11
11 20
11 21
11 18
14 8
20 22
5 6
5 4
6 8
8 28
8 15
8 9
8 7
28 30
15 16
30 35
30 29
30 31
30 33
30 32
22 23
23 24
35 50
35 34
35 36
50 39
50 49
50 42
50 72
39 38
49 48
49 57
42 41
72 71
72 74
43 46
43 45
46 47
46 40
47 48
47 51
51 52
52 54
56 57
56 60
57 58
60 61
71 70
74 76
70 69
70 73
69 66
73 77
77 78
76 75
76 87
75 82
87 88
82 83
82 81
88 89