61 85 95 31 89 23 51 72 12 1 30 76 42 44 39 45 4 73 47 40 68 92 82 20 46 36 10 0 83 80 49 81 98 43 75 67 84 9 65 70 77 60 8 59 11 57 99 96 88 71 87 27 69 5 94 3 15 32 38 22 35 17 48 97 56 21 62 7 25
61 85
61 95
61 31
61 89
85 23
85 51
85 72
95 9
31 73
31 47
31 40
31 68
23 12
23 1
23 30
23 76
23 42
51 71
51 87
72 11
72 57
72 99
12 92
12 82
1 44
1 39
1 45
1 4
44 81
44 98
39 69
39 5
39 94
73 27
47 60
40 20
40 46
40 36
68 43
68 75
68 67
92 10
92 0
82 15
20 83
20 80
20 49
46 84
10 88
0 3
83 65
83 70
83 77
43 62
84 22
9 8
9 59
8 96
11 35
57 7
88 32
88 38
71 97
71 56
69 48
3 17
32 21
22 25