0 25 26 24 27 19 18 82 84 17 1 35 54 62 73 37 42 79 86 8 3 21 2 31 33 11 32 7 47 48 44 34 36 46 95 9 53 10 57 56 15 39 5 41 81 6 88 55 12 61 63 75 40 52 16 74 22 66 96 23 87
0 25
0 26
0 24
0 27
0 19
25 35
25 54
25 62
26 73
26 37
26 42
26 79
24 1
27 86
19 18
19 82
19 84
19 17
18 22
35 31
35 3
35 47
35 95
54 9
62 12
62 57
62 52
73 16
37 39
42 5
42 81
8 3
8 21
3 34
3 36
2 31
2 33
2 11
2 32
31 44
7 47
7 48
47 55
44 6
44 88
34 46
95 96
95 23
95 87
9 53
53 75
10 57
10 56
10 15
5 41
81 66
12 61
12 63
61 40
16 74