1 4 88 11 48 21 20 43 55 3 9 76 7 10 2 49 95 51 14 6 8 5 12 50 13 19 75 17 18 28 15 22 45 53 96 26 27 93 30 40 31 80 60 46 63 33 81 41 23 35 54 36 52 58 64 84 34 59 37 67 72 78 47 61 42 62 98 66 70 56 87 83 99
1 4
1 88
4 11
4 48
88 55
11 51
21 20
21 43
20 9
55 19
55 22
55 60
55 46
55 63
3 9
3 76
3 7
3 10
9 95
76 2
7 49
10 51
10 14
49 8
6 8
6 5
8 12
12 50
13 19
13 75
19 15
17 18
17 28
18 45
18 26
18 27
18 93
28 30
15 96
22 45
22 53
53 33
26 40
26 31
27 80
40 58
60 61
33 64
81 41
81 23
41 52
35 54
35 36
54 37
54 67
36 52
36 59
52 72
64 84
64 34
84 72
59 78
47 61
47 42
61 62
62 98
98 87
66 70
66 56
70 87
70 83
87 99