3 4 5 6 7 8 9 10 11 12 15 16 17 18 19 20 21 22 25 26 27 28 31 32 33 34 35 36 37 38 41 42 45 46 49 50 53 54 55 56 57 58 59 60 61 62 63 64 66 67 70 71 72 73 74 75 77 78 79 82 83 84 85 88 89 90 92 95 96 97 98 99
3 4
4 5
4 88
5 6
6 64
6 7
7 8
8 9
9 10
10 92
10 11
11 12
15 16
16 17
17 18
18 19
19 20
20 60
20 21
21 22
25 26
26 71
26 27
27 28
31 32
32 33
32 84
33 72
34 60
34 35
35 36
36 37
37 38
41 82
41 42
45 90
45 46
49 50
50 90
53 54
54 55
55 56
56 57
57 58
58 59
59 60
60 61
60 66
61 62
61 72
62 63
63 64
66 67
67 77
70 71
71 72
72 99
72 73
73 74
74 75
77 78
78 79
82 83
83 84
84 85
88 89
89 90
95 96
96 97
97 98
98 99