3 4 6 9 11 12 14 16 19 20 22 25 26 28 30 33 35 37 39 40 42 45 46 48 51 53 54 56 58 60 62 64 65 66 67 68 69 70 71 72 73 74 75 76 77 78 79 80 81 82 83 84 85 86 87 88 89 90 91 92 93 0
3 6
4 9
6 12
9 19
11 22
12 25
14 28
16 33
19 39
20 40
22 45
25 51
26 53
28 56
30 60
33 64
35 65
37 66
39 67
40 68
42 69
45 70
46 71
48 72
51 73
53 74
54 75
56 76
58 77
60 78
62 79
64 80
65 80
66 81
67 81
68 82
69 82
70 83
71 83
72 84
73 84
74 85
75 85
76 86
77 86
78 87
79 87
80 88
81 88
82 89
83 89
84 90
85 90
86 91
87 91
88 92
89 92
90 93
91 93
92 0
93 0