0 6 1 2 3 5 8 14 9 11 7 4 12 10 13 18 17 15 16 21 19 20 29 22 23 25 28 35 33 24 34 26 27 31 39 30 36 41 44 42 53 43 37 47 56 48 58 49 51 59 54 60 55 63 64 67 71 73 72 75 76 80 78 87 84 90 96
0 6
0 1
0 2
0 3
0 5
6 8
6 7
6 12
6 10
8 14
9 11
9 7
9 4
11 13
12 18
12 17
12 15
12 16
18 21
18 19
18 20
21 29
29 23
29 34
29 24
22 23
22 25
28 35
28 33
28 24
35 31
33 30
24 26
24 27
34 39
39 36
39 44
36 41
44 42
44 53
42 43
42 47
53 56
43 37
56 54
48 58
48 49
48 51
58 59
59 54
54 60
54 55
60 63
60 67
63 64
67 71
71 73
73 72
72 75
72 76
75 80
76 78
80 87
87 84
84 90
90 96