0 70 58 54 23 1 87 40 46 2 64 68 55 31 48 50 4 47 82 22 96 49 67 7 9 14 79 29 65 11 74 10 92 20 34 13 78 57 75 15 51 16 36 53 61 37 90 17 71 77 63 81 19 52 21 27 69 83 42 26 43 73 45 39 44 86 95 59 85 89 60 80
0 70
0 58
0 54
70 68
70 49
58 11
58 92
58 20
58 34
54 23
23 9
23 29
23 65
1 87
1 40
87 46
40 4
40 47
46 71
46 86
2 64
2 68
64 17
64 22
64 77
64 63
55 31
55 48
55 50
31 39
48 81
82 22
82 96
22 78
49 67
49 7
67 44
9 14
9 79
14 15
14 51
29 42
11 74
11 10
74 26
74 73
92 80
20 36
20 52
13 78
13 57
78 75
57 95
75 60
16 36
16 53
16 61
36 37
36 90
37 39
17 71
77 59
77 85
77 89
81 19
52 83
21 27
21 69
27 83
42 45
26 43