4 6 2 11 8 12 17 14 18 23 22 20 24 19 29 26 27 30 28 25 35 32 33 36 34 31 41 38 39 42 40 37 47 44 45 48 43 46 53 50 51 54 52 49 59 56 57 60 55 58 65 62 63 66 61 64 71 70 68 72 76 77 74 75 73 78 83 80 84 89 86 90 95 92
4 6
4 2
6 11
6 8
11 12
12 17
12 14
17 18
18 23
23 22
23 24
23 19
22 20
24 29
24 26
29 30
29 28
29 25
26 27
30 35
30 32
35 36
35 34
35 31
32 33
36 41
36 38
41 42
41 40
41 37
38 39
42 47
42 44
47 48
47 43
47 46
44 45
48 53
48 50
53 54
53 52
53 49
50 51
54 59
54 56
59 60
59 55
59 58
56 57
60 65
60 62
65 66
65 61
65 64
62 63
66 71
71 70
71 72
70 68
72 76
72 77
72 74
76 73
77 78
74 75
78 83
78 80
83 84
84 89
84 86
89 90
90 95
90 92