3 4 2 5 21 7 60 8 23 58 24 25 11 13 36 10 37 40 39 47 48 17 27 16 26 18 29 31 43 44 30 32 42 35 46 38 49 50 51 93 57 59 63 61 64 69 75 84 67 72 74 66 79 80 78 95 77 73 83
3 4
3 2
4 5
4 21
5 7
5 60
5 8
21 23
7 58
60 61
23 24
23 18
58 57
24 25
25 13
11 13
11 36
13 10
36 37
36 40
37 35
39 47
39 48
47 46
48 49
17 27
17 16
27 26
27 31
26 18
26 29
29 43
29 44
31 30
43 42
30 32
35 46
35 38
49 50
50 51
51 93
59 63
59 61
63 64
64 69
69 75
75 84
84 73
67 72
67 74
67 66
72 78
72 73
74 83
79 80
79 78
79 95
80 77