23 94 96 18 29 65 1 89 2 16 31 11 59 58 60 73 74 75 4 39 37 38 10 86 88 62 17 78 76 40 61 5 6 44 45 7 43 12 63 9 8 24 97 99 98 83 70 30 26 32 95 13 66 64 15 25 19 67 84
23 94
23 96
23 18
94 62
96 67
29 65
29 1
29 89
65 13
65 73
2 16
2 31
16 73
16 74
16 75
11 59
11 58
11 60
59 73
59 83
59 70
73 62
4 39
4 37
4 38
4 10
39 62
37 86
38 88
62 44
62 12
62 97
17 78
17 76
78 44
78 25
40 61
40 5
61 12
61 30
61 26
61 32
6 44
6 45
6 7
6 43
12 63
12 9
12 8
63 95
24 97
24 99
24 98
99 84
83 19
70 15
13 66
13 64