0 92 4 75 68 91 70 86 89 97 95 69 83 84 90 71 40 30 93 99 98 87 88 77 73 66 67 78 82 94 80 79 74 96 72 81 76 48 29 7 8 9 20 33 36 38 39 42 46 57 61 2 56 63 31 6 11 59 49 12 15 22
0 92
0 4
0 75
0 68
0 91
0 70
0 86
0 89
0 97
0 95
0 69
0 83
0 84
0 90
0 71
0 40
0 30
0 93
0 99
0 98
0 87
0 88
0 77
0 73
0 66
0 67
0 78
0 82
0 94
0 80
0 79
0 74
0 96
0 72
0 81
0 76
92 39
4 48
4 29
75 20
68 7
91 38
70 9
86 33
89 36
97 46
95 42
69 8
48 56
48 63
33 15
38 11
39 57
39 49
46 22
57 61
57 2
61 31
31 6
11 59
49 12