0 71 6 18 7 9 4 2 1 10 8 11 12 3 13 14 15 16 17 19 22 25 23 50 26 28 35 29 30 31 32 27 34 33 36 40 44 39 45 48 57 60 52 58 56 55 51 53 59 54 81 61 62 63 64 65 66 67 68 69 72 5 73 74 75 76 77 78 79 90 89 85 87 84 88 86 91
0 71
0 6
0 18
0 7
0 9
0 4
0 2
0 1
0 10
0 8
71 3
71 44
71 57
71 72
71 5
6 15
18 19
7 16
9 17
4 14
2 12
1 11
3 13
22 25
22 23
25 50
25 26
25 28
25 35
25 29
25 30
25 31
25 32
25 27
25 34
25 33
50 57
50 60
50 52
50 58
50 56
50 55
50 51
50 53
50 59
50 54
26 36
40 44
40 39
44 45
45 48
60 81
60 61
81 90
81 89
81 85
81 87
81 84
81 88
81 86
61 62
62 63
63 64
64 65
65 66
66 67
67 68
68 69
72 73
73 74
74 75
75 76
76 77
77 78
78 79
90 91