0 1 10 11 2 3 12 4 13 14 5 6 7 20 15 23 27 16 37 36 28 8 25 26 24 35 33 32 46 41 42 52 50 31 30 40 51 56 45 44 53 60 43 67 48 57 58 69 59 49 71 64 74 54 66 76 98 68 72 80 70 62 84 86 88 81 90 82 83 93 92 89 94 85
0 1
0 10
0 11
1 2
10 20
2 3
2 12
3 4
3 13
4 14
14 5
14 15
14 23
5 6
6 7
15 25
15 16
15 26
27 16
27 37
27 36
27 28
27 8
25 24
25 35
24 33
35 46
33 32
32 41
32 42
46 56
46 45
41 52
41 50
41 31
41 30
41 40
41 51
52 43
50 60
56 67
45 44
44 53
60 71
67 57
67 66
67 98
67 68
48 57
48 58
58 69
69 59
59 49
71 72
71 80
71 70
71 62
64 74
64 54
74 84
66 76
76 86
98 88
72 84
80 81
80 90
88 89
81 82
82 83
83 93
83 92
93 94
94 85