8 4 10 13 9 23 12 24 21 29 7 33 34 36 2 37 39 41 20 43 44 0 45 46 17 47 48 51 52 53 55 25 56 59 61 63 64 65 66 67 28 38 68 11 69 70 72 73 14 76 77 78 79 81 83 85 86 87 88 89 91 93 94 95 97 99
8 10
8 4
8 67
4 65
4 45
10 51
10 89
13 95
9 76
23 56
23 33
12 69
12 43
24 48
21 94
29 7
29 69
7 34
7 48
34 97
36 2
36 83
2 68
2 61
37 63
39 93
41 77
41 20
41 63
20 85
44 68
44 0
44 95
0 53
46 17
17 52
47 77
47 94
51 87
52 70
53 66
55 25
55 56
25 65
59 94
59 72
61 76
64 79
67 38
67 28
28 70
38 73
68 11
11 87
11 88
73 91
14 86
77 89
78 93
79 81
81 89
86 88
86 99
87 97
93 99