3 7 1 9 6 10 12 14 16 19 18 20 22 23 21 24 27 26 25 28 31 30 29 33 32 34 35 37 39 38 36 50 40 42 41 43 44 46 45 47 48 51 49 52 53 54 55 57 56 58 59 60 61 62 63 67 65 64 69 66 68 70 71 72 73 74 77 76 75 79 78 80 82 83 84 85 87 88 89 92 94 95 98
3 7
3 1
7 9
7 6
9 10
10 12
12 14
14 16
16 19
16 18
19 20
20 22
22 23
22 21
23 24
24 27
27 26
27 28
26 25
28 31
31 30
31 33
31 32
30 29
33 34
34 35
35 37
37 39
37 38
37 36
39 40
38 50
40 42
40 41
42 43
43 44
44 46
44 45
46 47
47 48
48 51
48 49
51 52
51 53
52 54
54 55
55 57
55 56
57 58
58 59
59 60
60 61
60 62
61 63
62 67
62 65
63 64
67 69
67 66
67 68
69 70
70 71
71 72
72 73
73 74
74 77
74 76
74 75
77 79
77 78
79 80
80 82
82 83
83 84
84 85
85 87
87 88
88 89
89 92
92 94
94 95
95 98