3 4 1 12 10 13 6 18 16 7 15 25 27 19 30 32 21 20 17 24 33 22 35 34 41 44 40 43 42 38 45 54 51 46 48 47 49 50 52 55 53 61 59 56 65 58 57 67 64 73 77 76 88 81 79 87 86 89 85 99 91 90 94
3 4
3 1
4 12
12 18
12 13
12 16
10 13
10 6
6 7
18 19
18 30
18 32
15 25
15 27
25 24
19 33
19 22
19 20
21 20
21 17
24 22
33 35
33 34
35 41
41 44
41 40
44 43
44 45
44 54
43 42
43 38
45 51
45 46
45 48
51 49
46 47
49 50
50 52
52 55
52 53
52 61
55 59
55 56
59 65
59 58
65 67
65 64
58 57
67 73
73 77
77 88
77 79
76 88
76 81
88 87
87 86
87 89
87 85
86 91
89 99
91 90
90 94