0 6 7 1 12 2 8 9 4 11 3 10 5 13 18 19 14 20 15 26 21 22 17 29 23 16 24 31 30 25 33 32 34 35 50 51 41 28 27 38 36 37 42 43 44 95 39 46 40 52 47 45 48 96 54 56 58 49 63 53 57 75 60 61 62 64 98 67 68 94 76 77 73 81 82 86 90 93 87 91 84 55 92 97 80 83 79 88
0 6
0 7
0 1
6 12
7 2
12 13
12 18
12 19
2 8
8 9
9 4
9 14
4 11
4 3
11 10
10 5
13 26
14 20
20 15
15 21
26 33
26 32
26 31
21 22
22 17
22 29
22 23
17 16
29 34
29 35
29 50
29 51
24 31
24 30
24 25
30 36
33 27
32 38
34 41
35 28
50 56
51 54
41 40
41 52
38 39
36 37
36 42
36 43
37 44
44 95
95 96
39 46
46 47
46 45
47 48
96 91
54 58
54 49
56 63
56 53
58 57
58 75
63 60
60 61
61 62
61 64
62 98
64 67
64 68
98 94
94 93
76 77
76 73
77 81
81 82
82 86
86 90
90 93
87 91
87 84
87 55
91 92
84 83
92 97
80 83
80 79
80 88