7 3 2 9 5 13 20 8 16 17 10 15 33 21 37 43 23 27 28 54 61 57 30 44 58 80 35 40 38 36 48 42 52 47 49 82 56 63 59 74 60 64 69 72 65 66 88 67 71 90 97 76 84 77 93 78 87 81
7 8
3 5
2 9
9 17
5 20
13 10
20 27
20 23
8 16
16 43
16 37
17 43
10 15
15 21
33 37
21 28
43 30
43 38
27 61
28 57
54 63
61 60
57 58
57 56
30 58
30 44
30 80
44 42
58 59
58 74
80 52
80 78
35 38
40 42
40 36
38 48
48 47
48 49
47 82
82 81
63 65
59 60
74 71
60 69
60 72
60 64
64 88
64 66
69 90
72 76
65 67
67 71
90 97
76 77
84 81
77 93
78 87