0 1 5 95 2 4 3 6 10 96 90 7 9 8 11 15 12 14 13 16 20 17 19 18 21 25 22 24 23 26 30 27 28 35 31 40 36 45 41 50 46 51 55 60 56 65 61 70 66 75 71 80 76 85 81 82 83 86 87 88 91 92 94 93 97 99 98
0 1
0 5
0 95
1 2
1 4
5 6
5 10
95 96
95 90
2 3
6 7
6 9
10 11
10 15
96 97
96 99
90 85
90 91
7 8
11 12
11 14
15 16
15 20
12 13
16 17
16 19
20 21
20 25
17 18
21 22
21 24
25 26
25 30
22 23
26 27
30 35
30 31
27 28
35 40
35 36
40 45
40 41
45 50
45 46
50 51
55 60
55 56
60 65
60 61
65 70
65 66
70 75
70 71
75 80
75 76
80 85
80 81
85 86
81 82
82 83
86 87
87 88
91 92
91 94
92 93
97 98