6 9 3 14 8 20 10 21 26 19 27 22 29 16 33 38 30 37 39 31 24 34 41 25 35 36 44 47 49 48 40 50 32 42 54 59 68 67 66 74 58 75 60 69 77 70 73 80 76 82 83 78 71 79 81 88 84 92 96 97 99
6 9
6 3
9 14
9 8
14 20
14 10
20 21
20 26
20 19
21 27
26 33
22 29
22 16
29 38
29 30
29 37
33 34
33 41
33 25
38 47
30 39
39 31
39 49
39 48
31 24
34 35
41 40
41 32
41 42
35 36
36 44
44 54
49 40
49 59
40 50
59 68
59 67
68 75
68 60
66 74
66 58
74 73
74 75
75 76
75 82
69 77
69 70
77 76
77 78
73 80
80 81
76 83
83 88
83 84
78 71
78 79
88 92
92 96
96 97
97 99