1 11 22 20 12 21 33 4 14 24 34 43 42 41 44 50 94 95 59 5 52 74 75 47 57 25 54 55 45 6 19 29 18 27 15 48 26 46 88 89 77 87 78 66 85 65 56 58 80 81 72 84 82 83 51 71 63 64 53
1 11
11 22
22 33
22 12
22 21
20 21
33 34
4 14
4 5
14 24
24 34
24 25
34 44
43 44
43 42
42 41
44 54
44 45
50 51
94 84
94 95
59 58
5 6
52 53
52 51
74 64
74 84
74 75
75 85
47 46
47 48
57 56
57 58
25 26
25 15
54 64
54 53
54 55
55 65
55 56
45 46
19 29
29 27
18 27
27 26
88 77
88 89
77 66
77 78
77 87
66 65
80 81
81 72
72 63
72 71
72 82
84 83
63 64