3 1 11 20 14 0 19 17 2 16 8 18 6 76 53 13 10 9 29 26 23 21 22 27 25 24 28 7 12 4 15 5 58 55 62 61 56 57 78 30 31 32 33 34 35 36 37 38 39 40 54 63 51 52 59 60 64 50 69 72 68 70 74 71 67 66 65 77 75 73 85 79 96 99 91 97 86 92 94 95 90 93 98
3 1
3 11
3 20
3 14
3 0
3 19
1 17
1 2
1 16
1 8
11 10
11 9
20 29
20 26
20 23
20 21
20 22
20 27
20 25
20 24
20 28
17 76
17 53
17 13
2 18
16 6
76 78
53 58
53 55
53 62
53 61
53 56
53 57
13 7
13 12
13 4
13 15
29 30
7 5
58 52
58 59
58 60
58 64
58 50
55 54
55 63
55 51
78 69
78 72
78 68
78 70
78 74
78 71
78 67
78 66
78 65
78 77
78 75
78 73
30 31
31 32
32 33
33 34
34 35
35 36
36 37
37 38
38 39
39 40
69 85
69 79
85 96
85 99
85 91
96 95
96 90
99 97
99 86
91 92
91 94
97 93
86 98