4 7 13 14 15 16 17 18 19 22 23 24 25 29 32 33 37 38 39 41 42 43 46 49 52 55 56 57 61 62 63 65 66 67 68 70 72 73 74 75 76 77 78 79 80 83 84 86 87 91 92 93 94 95 96 97 99
4 68
7 79
13 14
13 63
14 15
15 16
16 17
16 57
16 68
17 18
18 19
22 23
22 56
23 99
24 87
25 33
25 84
29 72
32 33
37 38
38 39
38 79
39 70
41 42
42 43
43 84
46 94
49 84
52 77
55 56
56 57
57 79
61 62
62 63
65 66
65 87
66 67
67 68
72 73
73 74
74 75
75 76
75 80
76 77
77 78
79 80
80 93
83 84
84 93
86 87
91 92
92 93
93 94
94 95
95 96
96 97