2 6 7 8 11 14 15 18 21 22 25 26 28 29 32 33 30 34 35 36 39 40 37 41 42 43 46 47 44 48 49 50 53 54 51 55 56 57 60 61 58 62 63 64 67 68 65 69 70 71 74 77 78 81 84 85 88 91 92 95 98
2 6
6 7
7 8
8 11
11 14
14 15
15 18
18 21
21 22
22 25
25 26
26 28
28 29
29 32
32 33
33 30
30 34
34 35
35 36
36 39
39 40
40 37
37 41
41 42
42 43
43 46
46 47
47 44
44 48
48 49
49 50
50 53
53 54
54 51
51 55
55 56
56 57
57 60
60 61
61 58
58 62
62 63
63 64
64 67
67 68
68 65
65 69
69 70
70 71
71 74
74 77
77 78
78 81
81 84
84 85
85 88
88 91
91 92
92 95
95 98