1 2 3 4 5 6 7 8 9 10 13 14 15 16 17 18 27 24 31 28 29 19 20 21 22 23 34 35 36 37 38 88 89 90 91 41 42 48 49 52 53 54 55 56 57 58 59 60 44 45 46 61 64 65 69 72 68 73 76 85 78 80 77 84 93 83 96
1 2
1 72
2 3
3 4
4 20
4 5
4 90
4 57
5 6
6 7
6 78
6 9
7 8
9 85
9 10
13 14
14 15
15 16
16 17
17 18
18 19
27 28
24 23
31 60
31 48
28 23
28 29
19 20
20 21
21 22
22 23
23 96
34 78
34 80
34 35
35 36
36 37
37 38
88 89
89 90
89 84
90 91
41 42
42 76
48 49
52 53
53 54
54 55
55 56
56 57
56 93
56 45
57 58
58 59
59 60
60 61
44 45
45 65
45 46
64 65
69 72
72 73
68 96
76 77
78 77
84 83