0 90 85 35 74 84 78 83 79 75 68 86 77 82 95 94 96 93 98 80 76 73 91 92 88 97 87 81 89 99 61 13 63 42 54 3 6 8 9 10 16 17 18 19 21 28 36 38 39 70 30 2 11 4 46 34 59 47 58 45 72 65 37 41 51
0 90
0 85
0 35
0 74
0 84
0 78
0 83
0 79
0 75
0 68
0 86
0 77
0 82
0 95
0 94
0 96
0 93
0 98
0 80
0 76
0 73
0 91
0 92
0 88
0 97
0 87
0 81
0 89
0 99
90 28
85 19
35 54
74 3
84 18
78 9
83 17
79 10
75 6
68 61
68 13
68 63
68 42
86 21
77 8
82 16
95 38
94 36
96 39
61 51
13 45
3 11
6 59
17 47
18 70
36 41
38 37
70 30
70 2
30 46
4 46
4 34
59 58
47 65
58 72