1 60 0 5 55 6 8 9 34 7 96 89 11 63 53 12 19 90 18 28 27 25 26 32 33 30 31 81 49 37 43 36 42 62 75 52 56 57 58 59 64 74 61 66 91 69 67 70 72 44 82 87 88 20 85 86 77 94 92
1 60
1 0
60 63
5 55
5 6
5 8
5 9
55 58
55 57
6 34
6 7
8 96
9 89
34 32
34 30
34 31
89 28
89 88
89 85
11 63
11 53
11 12
63 64
53 52
19 90
19 18
90 56
90 91
90 94
28 27
28 25
27 26
32 33
33 81
33 49
81 82
37 43
37 36
43 42
42 62
42 75
62 64
62 74
56 57
57 64
58 59
64 61
74 70
74 72
74 44
66 91
66 69
69 67
87 88
87 20
85 86
86 77
94 92