23 2 95 0 16 75 73 17 74 1 31 33 32 98 64 85 83 99 20 86 87 21 37 68 4 12 63 61 24 97 7 51 92 8 13 66 65 11 58 60 59 78 77 69 49 22 91 93 15 41 88 43 80 53 36 56 62 82 35
23 2
23 95
23 0
2 31
2 33
2 32
16 75
16 73
16 17
16 74
16 1
75 31
75 92
73 41
17 78
17 77
74 88
74 43
31 98
31 64
31 85
33 99
32 83
98 37
98 24
98 58
98 63
64 13
85 20
83 80
83 53
99 82
99 35
20 86
20 87
20 21
37 68
37 4
12 63
12 61
24 97
24 7
97 36
97 56
97 62
51 92
51 8
92 22
13 66
13 65
66 49
65 69
11 58
11 60
11 59
22 91
22 93
22 15