1 5 4 29 80 9 2 6 93 74 88 28 3 21 94 12 69 92 23 15 51 86 19 7 8 66 38 11 64 10 31 52 39 85 16 17 78 18 20 61 35 34 22 67 32 24 71 25 26 87 14 91 13 57 63 36 83 84 60 79 75 77
1 5
1 4
1 29
1 80
5 9
4 2
29 91
9 88
9 28
2 3
2 94
2 12
2 69
6 93
6 74
93 86
74 71
88 64
3 21
94 92
94 23
12 8
12 11
92 15
92 51
23 32
15 85
86 19
19 18
19 20
19 61
7 8
7 66
7 38
11 10
11 52
11 39
64 36
64 79
10 31
31 57
52 22
52 67
85 75
16 17
16 78
17 18
20 35
61 60
35 34
32 63
24 71
24 25
24 26
25 87
26 91
87 14
91 13
36 83
83 84
75 77