0 25 26 55 10 14 67 68 47 63 33 7 12 5 40 97 24 56 57 1 28 30 73 16 94 77 15 72 99 83 74 75 23 52 51 2 32 64 13 3 34 35 36 59 54 44 11 62 92 6 61 98 58 60 22 43 84 90 91 93 78
0 25
0 26
26 55
55 10
10 56
10 57
14 67
14 68
68 47
68 63
47 33
47 7
63 12
33 2
12 61
12 62
5 40
40 97
97 24
24 99
24 98
56 61
1 28
1 30
28 73
73 16
73 94
73 77
16 74
16 75
94 23
94 52
77 51
15 72
72 99
99 83
83 78
74 34
74 62
75 84
51 90
2 32
32 64
64 13
3 34
3 35
3 36
34 59
34 54
35 44
59 11
54 92
44 6
11 58
11 60
62 98
92 22
6 43
22 91
22 93