7 8 6 9 54 55 53 56 92 91 93 94 95 96 40 41 39 42 18 17 19 20 74 75 73 76 80 81 79 82 89 88 90 5 77 78 51 50 52 11 10 12 13 27 26 28 29 25 24 30 35 36 34 37 38 33 32 31 14 15 16 97 98 57 72 71 48 47 49 45 46 44 83 84 85 22 23 21 69 68 70 87 86 65 64 66 67 58 59 60 62 61 63 3 4 2 43 1
7 8
7 6
8 9
6 5
9 10
54 55
54 53
55 56
53 52
56 57
92 91
92 93
91 90
93 94
94 95
95 96
96 97
40 41
40 39
41 42
39 38
42 43
18 17
18 19
17 16
19 20
20 21
74 75
74 73
75 76
73 72
76 77
80 81
80 79
81 82
79 78
82 83
89 88
89 90
88 87
5 4
77 78
51 50
51 52
50 49
11 10
11 12
12 13
13 14
27 26
27 28
26 25
28 29
29 30
25 24
24 23
30 31
35 36
35 34
36 37
34 33
37 38
33 32
32 31
14 15
15 16
97 98
57 58
72 71
71 70
48 47
48 49
47 46
45 46
45 44
44 43
83 84
84 85
85 86
22 23
22 21
69 68
69 70
68 67
87 86
65 64
65 66
64 63
66 67
58 59
59 60
60 61
62 61
62 63
3 4
3 2
2 1