0 2 1 3 4 5 6 8 7 9 10 11 12 13 14 24 23 25 26 37 27 28 29 31 32 33 34 35 30 36 39 38 40 41 43 42 45 44 47 46 49 48 50 51 52 53 55 54 56 57 59 58 60 61 62 65 66 72 71 74 73 75 76 77 78 87 88 95 96 98
0 2
0 1
2 5
2 6
1 3
1 4
3 8
3 7
4 9
4 10
5 11
5 12
6 13
6 14
11 24
11 23
24 25
25 26
25 37
25 27
26 28
26 29
37 30
37 50
37 51
27 31
28 32
28 33
29 34
29 35
31 39
31 38
32 40
32 41
33 43
33 42
34 45
34 44
35 47
35 46
30 36
36 49
36 48
39 55
39 54
38 52
38 53
40 56
40 57
41 59
41 58
43 62
42 60
42 61
45 65
45 66
49 74
49 73
48 72
48 71
50 75
50 76
51 77
51 78
56 87
56 88
60 95
60 96
61 98